0 info it worked if it ends with ok
1 verbose cli [ '/Users/jacquelynelias/.nvm/versions/node/v7.0.0/bin/node',
1 verbose cli   '/Users/jacquelynelias/.nvm/versions/node/v7.0.0/bin/npm',
1 verbose cli   'start' ]
2 info using npm@3.10.8
3 info using node@v7.0.0
4 verbose run-script [ 'prestart', 'start', 'poststart' ]
5 info lifecycle Homework4@~prestart: Homework4@
6 silly lifecycle Homework4@~prestart: no script for prestart, continuing
7 info lifecycle Homework4@~start: Homework4@
8 verbose lifecycle Homework4@~start: unsafe-perm in lifecycle true
9 verbose lifecycle Homework4@~start: PATH: /Users/jacquelynelias/.nvm/versions/node/v7.0.0/lib/node_modules/npm/bin/node-gyp-bin:/Users/jacquelynelias/Dropbox/Classes/Fall 2016/CSE3345/Homework4-5/node_modules/.bin:/Users/jacquelynelias/.nvm/versions/node/v7.0.0/bin:/Library/Frameworks/Python.framework/Versions/2.7/bin:/usr/local/bin:/usr/bin:/bin:/usr/sbin:/sbin:/usr/local/git/bin:/usr/local/MacGPG2/bin:/Users/jacquelynelias/Dropbox/Classes/Fall 2015/CRCP 2330/nand2tetris/tools
10 verbose lifecycle Homework4@~start: CWD: /Users/jacquelynelias/Dropbox/Classes/Fall 2016/CSE3345/Homework4-5
11 silly lifecycle Homework4@~start: Args: [ '-c', 'tsc && concurrently "tsc -w" "lite-server" ' ]
12 silly lifecycle Homework4@~start: Returned: code: 2  signal: null
13 info lifecycle Homework4@~start: Failed to exec start script
14 verbose stack Error: Homework4@ start: `tsc && concurrently "tsc -w" "lite-server" `
14 verbose stack Exit status 2
14 verbose stack     at EventEmitter.<anonymous> (/Users/jacquelynelias/.nvm/versions/node/v7.0.0/lib/node_modules/npm/lib/utils/lifecycle.js:255:16)
14 verbose stack     at emitTwo (events.js:106:13)
14 verbose stack     at EventEmitter.emit (events.js:191:7)
14 verbose stack     at ChildProcess.<anonymous> (/Users/jacquelynelias/.nvm/versions/node/v7.0.0/lib/node_modules/npm/lib/utils/spawn.js:40:14)
14 verbose stack     at emitTwo (events.js:106:13)
14 verbose stack     at ChildProcess.emit (events.js:191:7)
14 verbose stack     at maybeClose (internal/child_process.js:877:16)
14 verbose stack     at Process.ChildProcess._handle.onexit (internal/child_process.js:226:5)
15 verbose pkgid Homework4@
16 verbose cwd /Users/jacquelynelias/Dropbox/Classes/Fall 2016/CSE3345/Homework4-5
17 error Darwin 14.5.0
18 error argv "/Users/jacquelynelias/.nvm/versions/node/v7.0.0/bin/node" "/Users/jacquelynelias/.nvm/versions/node/v7.0.0/bin/npm" "start"
19 error node v7.0.0
20 error npm  v3.10.8
21 error code ELIFECYCLE
22 error Homework4@ start: `tsc && concurrently "tsc -w" "lite-server" `
22 error Exit status 2
23 error Failed at the Homework4@ start script 'tsc && concurrently "tsc -w" "lite-server" '.
23 error Make sure you have the latest version of node.js and npm installed.
23 error If you do, this is most likely a problem with the Homework4 package,
23 error not with npm itself.
23 error Tell the author that this fails on your system:
23 error     tsc && concurrently "tsc -w" "lite-server"
23 error You can get information on how to open an issue for this project with:
23 error     npm bugs Homework4
23 error Or if that isn't available, you can get their info via:
23 error     npm owner ls Homework4
23 error There is likely additional logging output above.
24 verbose exit [ 1, true ]
